<?xml version="1.0" encoding="UTF-8"?>
<!-- Generated by org.testng.reporters.JUnitReportReporter -->
<testsuite hostname="LAPTOP-981QNBKH" failures="0" tests="1" name="cucumberOptions.TestRunner" time="12.665" errors="0" timestamp="2022-11-23T22:07:13 IST" skipped="0">
  <testcase classname="cucumberOptions.TestRunner" name="runScenario" time="12.665"/>
  <system-out/>
</testsuite> <!-- cucumberOptions.TestRunner -->
